========== fold: 0 training ==========
scheduler: custom
loss_train: SymmetricCrossEntropy()
Epoch 1 - avg_train_loss: 9.8269  avg_val_loss: 9.0979  time: 520s
Epoch 1 - Save Best Loss: 9.0979 Model
Epoch 2 - avg_train_loss: 7.9305  avg_val_loss: 5.7043  time: 517s
Epoch 2 - Save Best Loss: 5.7043 Model
Epoch 3 - avg_train_loss: 4.7998  avg_val_loss: 3.5352  time: 517s
Epoch 3 - Save Best Loss: 3.5352 Model
Epoch 4 - avg_train_loss: 2.1752  avg_val_loss: 2.4644  time: 517s
Epoch 4 - Save Best Loss: 2.4644 Model
Epoch 5 - avg_train_loss: 0.8272  avg_val_loss: 1.9638  time: 517s
Epoch 5 - Save Best Loss: 1.9638 Model
Epoch 6 - avg_train_loss: 0.3829  avg_val_loss: 1.8285  time: 516s
Epoch 6 - Save Best Loss: 1.8285 Model
Epoch 7 - avg_train_loss: 0.2270  avg_val_loss: 1.7695  time: 517s
Epoch 7 - Save Best Loss: 1.7695 Model
Epoch 8 - avg_train_loss: 0.1666  avg_val_loss: 1.7473  time: 517s
Epoch 8 - Save Best Loss: 1.7473 Model
Epoch 9 - avg_train_loss: 0.1339  avg_val_loss: 1.7321  time: 517s
Epoch 9 - Save Best Loss: 1.7321 Model
Epoch 10 - avg_train_loss: 0.1125  avg_val_loss: 1.7212  time: 517s
Epoch 10 - Save Best Loss: 1.7212 Model
========== fold: 0 result ==========
Loss: 1.7212
========== Result ==========
Loss: 1.7212
