========== fold: 0 training ==========
scheduler: custom
loss_train: FocalLoss()
Epoch 1 - avg_train_loss: 9.5501  time: 478s
Epoch 1 - Save Best Loss: 9.5501 Model
Epoch 2 - avg_train_loss: 7.4938  time: 479s
Epoch 2 - Save Best Loss: 7.4938 Model
Epoch 3 - avg_train_loss: 4.2928  time: 479s
Epoch 3 - Save Best Loss: 4.2928 Model
Epoch 4 - avg_train_loss: 1.8185  time: 479s
Epoch 4 - Save Best Loss: 1.8185 Model
Epoch 5 - avg_train_loss: 0.6611  time: 479s
Epoch 5 - Save Best Loss: 0.6611 Model
Epoch 6 - avg_train_loss: 0.3226  time: 478s
Epoch 6 - Save Best Loss: 0.3226 Model
Epoch 7 - avg_train_loss: 0.2115  time: 478s
Epoch 7 - Save Best Loss: 0.2115 Model
Epoch 8 - avg_train_loss: 0.1647  time: 478s
Epoch 8 - Save Best Loss: 0.1647 Model
Epoch 9 - avg_train_loss: 0.1389  time: 478s
Epoch 9 - Save Best Loss: 0.1389 Model
Epoch 10 - avg_train_loss: 0.1206  time: 478s
Epoch 10 - Save Best Loss: 0.1206 Model
========== fold: 0 result ==========
Loss: 0.1206
========== Result ==========
Loss: 0.1206
