========== fold: 1 training ==========
========== fold: 1 training ==========
scheduler: custom
loss_train: CrossEntropyLoss()
========== fold: 1 training ==========
scheduler: custom
loss_train: CrossEntropyLoss()
========== fold: 3 training ==========
scheduler: custom
loss_train: CrossEntropyLoss()
Epoch 1 - avg_train_loss: 23.5544  time: 1264s
Epoch 1 - Save Best Loss: 23.5544 Model
Epoch 2 - avg_train_loss: 20.4952  time: 1263s
Epoch 2 - Save Best Loss: 20.4952 Model
Epoch 3 - avg_train_loss: 15.5624  time: 1249s
Epoch 3 - Save Best Loss: 15.5624 Model
Epoch 4 - avg_train_loss: 10.6814  time: 1249s
Epoch 4 - Save Best Loss: 10.6814 Model
Epoch 5 - avg_train_loss: 7.0872  time: 1249s
Epoch 5 - Save Best Loss: 7.0872 Model
Epoch 6 - avg_train_loss: 5.0562  time: 1249s
Epoch 6 - Save Best Loss: 5.0562 Model
Epoch 7 - avg_train_loss: 3.9171  time: 1250s
Epoch 7 - Save Best Loss: 3.9171 Model
Epoch 8 - avg_train_loss: 3.2458  time: 1251s
Epoch 8 - Save Best Loss: 3.2458 Model
Epoch 9 - avg_train_loss: 2.8307  time: 1252s
Epoch 9 - Save Best Loss: 2.8307 Model
Epoch 10 - avg_train_loss: 2.5790  time: 1252s
Epoch 10 - Save Best Loss: 2.5790 Model
Epoch 11 - avg_train_loss: 2.4162  time: 1256s
Epoch 11 - Save Best Loss: 2.4162 Model
Epoch 12 - avg_train_loss: 2.2865  time: 1252s
Epoch 12 - Save Best Loss: 2.2865 Model
Epoch 13 - avg_train_loss: 2.2025  time: 1250s
Epoch 13 - Save Best Loss: 2.2025 Model
Epoch 14 - avg_train_loss: 2.1534  time: 1249s
Epoch 14 - Save Best Loss: 2.1534 Model
Epoch 15 - avg_train_loss: 2.1070  time: 1249s
Epoch 15 - Save Best Loss: 2.1070 Model
========== fold: 3 result ==========
Loss: 2.1070
========== Result ==========
Loss: 2.1070
