========== fold: 0 training ==========
scheduler: custom
loss_train: CrossEntropyLoss()
========== fold: 0 training ==========
scheduler: custom
loss_train: CrossEntropyLoss()
Epoch 1 - avg_train_loss: 9.3501  time: 546s
Epoch 1 - Save Best Loss: 9.3501 Model
Epoch 2 - avg_train_loss: 7.4920  time: 545s
Epoch 2 - Save Best Loss: 7.4920 Model
Epoch 3 - avg_train_loss: 5.0316  time: 545s
Epoch 3 - Save Best Loss: 5.0316 Model
Epoch 4 - avg_train_loss: 2.7459  time: 545s
Epoch 4 - Save Best Loss: 2.7459 Model
Epoch 5 - avg_train_loss: 1.2805  time: 545s
Epoch 5 - Save Best Loss: 1.2805 Model
Epoch 6 - avg_train_loss: 0.6518  time: 545s
Epoch 6 - Save Best Loss: 0.6518 Model
Epoch 7 - avg_train_loss: 0.3898  time: 546s
Epoch 7 - Save Best Loss: 0.3898 Model
Epoch 8 - avg_train_loss: 0.2723  time: 546s
Epoch 8 - Save Best Loss: 0.2723 Model
Epoch 9 - avg_train_loss: 0.2084  time: 545s
Epoch 9 - Save Best Loss: 0.2084 Model
Epoch 10 - avg_train_loss: 0.1740  time: 545s
Epoch 10 - Save Best Loss: 0.1740 Model
========== fold: 0 result ==========
Loss: 0.1740
========== Result ==========
Loss: 0.1740
