========== fold: 0 training ==========
scheduler: custom
loss_train: FocalLoss()
Epoch 1 - avg_train_loss: 9.8268  avg_val_loss: 9.0978  time: 535s
Epoch 1 - Save Best Loss: 9.0978 Model
Epoch 2 - avg_train_loss: 7.9298  avg_val_loss: 5.7003  time: 534s
Epoch 2 - Save Best Loss: 5.7003 Model
Epoch 3 - avg_train_loss: 4.8007  avg_val_loss: 3.5404  time: 534s
Epoch 3 - Save Best Loss: 3.5404 Model
Epoch 4 - avg_train_loss: 2.1927  avg_val_loss: 2.4623  time: 534s
Epoch 4 - Save Best Loss: 2.4623 Model
Epoch 5 - avg_train_loss: 0.7857  avg_val_loss: 1.9529  time: 533s
Epoch 5 - Save Best Loss: 1.9529 Model
Epoch 6 - avg_train_loss: 0.3667  avg_val_loss: 1.8341  time: 534s
Epoch 6 - Save Best Loss: 1.8341 Model
Epoch 7 - avg_train_loss: 0.2432  avg_val_loss: 1.7923  time: 534s
Epoch 7 - Save Best Loss: 1.7923 Model
Epoch 8 - avg_train_loss: 0.1991  avg_val_loss: 1.7693  time: 534s
Epoch 8 - Save Best Loss: 1.7693 Model
Epoch 9 - avg_train_loss: 0.1712  avg_val_loss: 1.7526  time: 535s
Epoch 9 - Save Best Loss: 1.7526 Model
Epoch 10 - avg_train_loss: 0.1516  avg_val_loss: 1.7412  time: 532s
Epoch 10 - Save Best Loss: 1.7412 Model
========== fold: 0 result ==========
Loss: 1.7412
========== Result ==========
Loss: 1.7412
