========== fold: 0 training ==========
scheduler: custom
loss_train: CrossEntropyLoss()
Epoch 1 - avg_train_loss: 23.7052  time: 928s
Epoch 1 - Save Best Loss: 23.7052 Model
Epoch 2 - avg_train_loss: 21.9767  time: 927s
Epoch 2 - Save Best Loss: 21.9767 Model
Epoch 3 - avg_train_loss: 18.1069  time: 928s
Epoch 3 - Save Best Loss: 18.1069 Model
Epoch 4 - avg_train_loss: 13.8195  time: 932s
Epoch 4 - Save Best Loss: 13.8195 Model
Epoch 5 - avg_train_loss: 10.4408  time: 931s
Epoch 5 - Save Best Loss: 10.4408 Model
Epoch 6 - avg_train_loss: 8.4152  time: 932s
Epoch 6 - Save Best Loss: 8.4152 Model
Epoch 7 - avg_train_loss: 7.2301  time: 931s
Epoch 7 - Save Best Loss: 7.2301 Model
Epoch 8 - avg_train_loss: 6.4773  time: 932s
Epoch 8 - Save Best Loss: 6.4773 Model
Epoch 9 - avg_train_loss: 5.9889  time: 931s
Epoch 9 - Save Best Loss: 5.9889 Model
Epoch 10 - avg_train_loss: 5.6934  time: 933s
Epoch 10 - Save Best Loss: 5.6934 Model
Epoch 11 - avg_train_loss: 5.4728  time: 932s
Epoch 11 - Save Best Loss: 5.4728 Model
Epoch 12 - avg_train_loss: 5.3624  time: 933s
Epoch 12 - Save Best Loss: 5.3624 Model
Epoch 13 - avg_train_loss: 5.2419  time: 933s
Epoch 13 - Save Best Loss: 5.2419 Model
Epoch 14 - avg_train_loss: 5.1811  time: 933s
Epoch 14 - Save Best Loss: 5.1811 Model
Epoch 15 - avg_train_loss: 5.1232  time: 929s
Epoch 15 - Save Best Loss: 5.1232 Model
========== fold: 0 result ==========
Loss: 5.1232
========== fold: 1 training ==========
scheduler: custom
loss_train: CrossEntropyLoss()
========== fold: 0 training ==========
scheduler: custom
loss_train: CrossEntropyLoss()
