========== fold: 0 training ==========
scheduler: custom
loss_train: FocalLoss()
Epoch 1 - avg_train_loss: 9.8268  avg_val_loss: 9.0977  time: 534s
Epoch 1 - Save Best Loss: 9.0977 Model
Epoch 2 - avg_train_loss: 7.9292  avg_val_loss: 5.6998  time: 532s
Epoch 2 - Save Best Loss: 5.6998 Model
Epoch 3 - avg_train_loss: 4.8030  avg_val_loss: 3.5445  time: 533s
Epoch 3 - Save Best Loss: 3.5445 Model
Epoch 4 - avg_train_loss: 2.1967  avg_val_loss: 2.4573  time: 534s
Epoch 4 - Save Best Loss: 2.4573 Model
Epoch 5 - avg_train_loss: 0.7503  avg_val_loss: 1.9635  time: 534s
Epoch 5 - Save Best Loss: 1.9635 Model
Epoch 6 - avg_train_loss: 0.3842  avg_val_loss: 1.8677  time: 534s
Epoch 6 - Save Best Loss: 1.8677 Model
Epoch 7 - avg_train_loss: 0.2886  avg_val_loss: 1.8340  time: 535s
Epoch 7 - Save Best Loss: 1.8340 Model
Epoch 8 - avg_train_loss: 0.2526  avg_val_loss: 1.8073  time: 534s
Epoch 8 - Save Best Loss: 1.8073 Model
Epoch 9 - avg_train_loss: 0.2262  avg_val_loss: 1.7893  time: 535s
Epoch 9 - Save Best Loss: 1.7893 Model
Epoch 10 - avg_train_loss: 0.2074  avg_val_loss: 1.7763  time: 534s
Epoch 10 - Save Best Loss: 1.7763 Model
========== fold: 0 result ==========
Loss: 1.7763
========== Result ==========
Loss: 1.7763
