========== fold: 0 training ==========
scheduler: custom
Epoch 1 - avg_train_loss: 9.8268  avg_val_loss: 9.0981  time: 506s
Epoch 1 - Save Best Loss: 9.0981 Model
Epoch 2 - avg_train_loss: 7.9279  avg_val_loss: 5.6968  time: 505s
Epoch 2 - Save Best Loss: 5.6968 Model
Epoch 3 - avg_train_loss: 4.7968  avg_val_loss: 3.5408  time: 506s
Epoch 3 - Save Best Loss: 3.5408 Model
Epoch 4 - avg_train_loss: 2.1744  avg_val_loss: 2.4617  time: 506s
Epoch 4 - Save Best Loss: 2.4617 Model
Epoch 5 - avg_train_loss: 0.8269  avg_val_loss: 1.9611  time: 505s
Epoch 5 - Save Best Loss: 1.9611 Model
Epoch 6 - avg_train_loss: 0.3827  avg_val_loss: 1.8284  time: 506s
Epoch 6 - Save Best Loss: 1.8284 Model
Epoch 7 - avg_train_loss: 0.2270  avg_val_loss: 1.7695  time: 505s
Epoch 7 - Save Best Loss: 1.7695 Model
Epoch 8 - avg_train_loss: 0.1664  avg_val_loss: 1.7471  time: 505s
Epoch 8 - Save Best Loss: 1.7471 Model
Epoch 9 - avg_train_loss: 0.1339  avg_val_loss: 1.7318  time: 506s
Epoch 9 - Save Best Loss: 1.7318 Model
Epoch 10 - avg_train_loss: 0.1124  avg_val_loss: 1.7201  time: 506s
Epoch 10 - Save Best Loss: 1.7201 Model
========== fold: 0 result ==========
Loss: 1.7201
========== Result ==========
Loss: 1.7201
